# JRE version: OpenJDK Runtime Environment (8.0_152-b02) (build 1.8.0_152-release-1024-b02)
# Java VM: OpenJDK 64-Bit Server VM (25.152-b02 mixed mode windows-amd64 compressed oops)
Heap:
 PSYoungGen      total 135680K, used 107035K [0x00000000e0000000, 0x00000000eb280000, 0x0000000100000000)
  eden space 123392K, 76% used [0x00000000e0000000,0x00000000e5c89350,0x00000000e7880000)
  from space 12288K, 99% used [0x00000000e7880000,0x00000000e847dbb8,0x00000000e8480000)
  to   space 14336K, 0% used [0x00000000ea480000,0x00000000ea480000,0x00000000eb280000)
 ParOldGen       total 65024K, used 18520K [0x00000000a0000000, 0x00000000a3f80000, 0x00000000e0000000)
  object space 65024K, 28% used [0x00000000a0000000,0x00000000a12162c0,0x00000000a3f80000)
 Metaspace       used 49735K, capacity 51184K, committed 51328K, reserved 1093632K
  class space    used 6772K, capacity 7194K, committed 7296K, reserved 1048576K
GC Heap History (10 events):
Event: 4.497 GC heap before
{Heap before GC invocations=9 (full 1):
 PSYoungGen      total 72192K, used 64512K [0x00000000e0000000, 0x00000000e8d00000, 0x0000000100000000)
  eden space 64512K, 100% used [0x00000000e0000000,0x00000000e3f00000,0x00000000e3f00000)
  from space 7680K, 0% used [0x00000000e3f00000,0x00000000e3f00000,0x00000000e4680000)
  to   space 7680K, 0% used [0x00000000e8580000,0x00000000e8580000,0x00000000e8d00000)
 ParOldGen       total 38912K, used 8277K [0x00000000a0000000, 0x00000000a2600000, 0x00000000e0000000)
  object space 38912K, 21% used [0x00000000a0000000,0x00000000a0815708,0x00000000a2600000)
 Metaspace       used 26048K, capacity 26612K, committed 26880K, reserved 1073152K
  class space    used 3642K, capacity 3813K, committed 3840K, reserved 1048576K
Event: 4.505 GC heap after
Heap after GC invocations=9 (full 1):
 PSYoungGen      total 94208K, used 6781K [0x00000000e0000000, 0x00000000e8c80000, 0x0000000100000000)
  eden space 87040K, 0% used [0x00000000e0000000,0x00000000e0000000,0x00000000e5500000)
  from space 7168K, 94% used [0x00000000e8580000,0x00000000e8c1f7b0,0x00000000e8c80000)
  to   space 8192K, 0% used [0x00000000e7c80000,0x00000000e7c80000,0x00000000e8480000)
 ParOldGen       total 38912K, used 8285K [0x00000000a0000000, 0x00000000a2600000, 0x00000000e0000000)
  object space 38912K, 21% used [0x00000000a0000000,0x00000000a0817708,0x00000000a2600000)
 Metaspace       used 26048K, capacity 26612K, committed 26880K, reserved 1073152K
  class space    used 3642K, capacity 3813K, committed 3840K, reserved 1048576K
}
Event: 8.039 GC heap before
{Heap before GC invocations=10 (full 1):
 PSYoungGen      total 94208K, used 93821K [0x00000000e0000000, 0x00000000e8c80000, 0x0000000100000000)
  eden space 87040K, 100% used [0x00000000e0000000,0x00000000e5500000,0x00000000e5500000)
  from space 7168K, 94% used [0x00000000e8580000,0x00000000e8c1f7b0,0x00000000e8c80000)
  to   space 8192K, 0% used [0x00000000e7c80000,0x00000000e7c80000,0x00000000e8480000)
 ParOldGen       total 38912K, used 8285K [0x00000000a0000000, 0x00000000a2600000, 0x00000000e0000000)
  object space 38912K, 21% used [0x00000000a0000000,0x00000000a0817708,0x00000000a2600000)
 Metaspace       used 31420K, capacity 32176K, committed 32384K, reserved 1077248K
  class space    used 4413K, capacity 4664K, committed 4736K, reserved 1048576K
Event: 8.052 GC heap after
Heap after GC invocations=10 (full 1):
 PSYoungGen      total 111104K, used 8174K [0x00000000e0000000, 0x00000000e8600000, 0x0000000100000000)
  eden space 102912K, 0% used [0x00000000e0000000,0x00000000e0000000,0x00000000e6480000)
  from space 8192K, 99% used [0x00000000e7c80000,0x00000000e847ba98,0x00000000e8480000)
  to   space 1536K, 0% used [0x00000000e8480000,0x00000000e8480000,0x00000000e8600000)
 ParOldGen       total 38912K, used 12278K [0x00000000a0000000, 0x00000000a2600000, 0x00000000e0000000)
  object space 38912K, 31% used [0x00000000a0000000,0x00000000a0bfda80,0x00000000a2600000)
 Metaspace       used 31420K, capacity 32176K, committed 32384K, reserved 1077248K
  class space    used 4413K, capacity 4664K, committed 4736K, reserved 1048576K
}
Event: 8.309 GC heap before
{Heap before GC invocations=11 (full 1):
 PSYoungGen      total 111104K, used 22728K [0x00000000e0000000, 0x00000000e8600000, 0x0000000100000000)
  eden space 102912K, 14% used [0x00000000e0000000,0x00000000e0e36680,0x00000000e6480000)
  from space 8192K, 99% used [0x00000000e7c80000,0x00000000e847ba98,0x00000000e8480000)
  to   space 1536K, 0% used [0x00000000e8480000,0x00000000e8480000,0x00000000e8600000)
 ParOldGen       total 38912K, used 12278K [0x00000000a0000000, 0x00000000a2600000, 0x00000000e0000000)
  object space 38912K, 31% used [0x00000000a0000000,0x00000000a0bfda80,0x00000000a2600000)
 Metaspace       used 34527K, capacity 35326K, committed 35416K, reserved 1079296K
  class space    used 4828K, capacity 5100K, committed 5120K, reserved 1048576K
Event: 8.318 GC heap after
Heap after GC invocations=11 (full 1):
 PSYoungGen      total 124928K, used 1504K [0x00000000e0000000, 0x00000000e9200000, 0x0000000100000000)
  eden space 123392K, 0% used [0x00000000e0000000,0x00000000e0000000,0x00000000e7880000)
  from space 1536K, 97% used [0x00000000e8480000,0x00000000e85f8020,0x00000000e8600000)
  to   space 12288K, 0% used [0x00000000e7880000,0x00000000e7880000,0x00000000e8480000)
 ParOldGen       total 38912K, used 20786K [0x00000000a0000000, 0x00000000a2600000, 0x00000000e0000000)
  object space 38912K, 53% used [0x00000000a0000000,0x00000000a144c818,0x00000000a2600000)
 Metaspace       used 34527K, capacity 35326K, committed 35416K, reserved 1079296K
  class space    used 4828K, capacity 5100K, committed 5120K, reserved 1048576K
}
Event: 8.318 GC heap before
{Heap before GC invocations=12 (full 2):
 PSYoungGen      total 124928K, used 1504K [0x00000000e0000000, 0x00000000e9200000, 0x0000000100000000)
  eden space 123392K, 0% used [0x00000000e0000000,0x00000000e0000000,0x00000000e7880000)
  from space 1536K, 97% used [0x00000000e8480000,0x00000000e85f8020,0x00000000e8600000)
  to   space 12288K, 0% used [0x00000000e7880000,0x00000000e7880000,0x00000000e8480000)
 ParOldGen       total 38912K, used 20786K [0x00000000a0000000, 0x00000000a2600000, 0x00000000e0000000)
  object space 38912K, 53% used [0x00000000a0000000,0x00000000a144c818,0x00000000a2600000)
 Metaspace       used 34527K, capacity 35326K, committed 35416K, reserved 1079296K
  class space    used 4828K, capacity 5100K, committed 5120K, reserved 1048576K
Event: 8.366 GC heap after
Heap after GC invocations=12 (full 2):
 PSYoungGen      total 124928K, used 0K [0x00000000e0000000, 0x00000000e9200000, 0x0000000100000000)
  eden space 123392K, 0% used [0x00000000e0000000,0x00000000e0000000,0x00000000e7880000)
  from space 1536K, 0% used [0x00000000e8480000,0x00000000e8480000,0x00000000e8600000)
  to   space 12288K, 0% used [0x00000000e7880000,0x00000000e7880000,0x00000000e8480000)
 ParOldGen       total 65024K, used 16732K [0x00000000a0000000, 0x00000000a3f80000, 0x00000000e0000000)
  object space 65024K, 25% used [0x00000000a0000000,0x00000000a10570c8,0x00000000a3f80000)
 Metaspace       used 34527K, capacity 35326K, committed 35416K, reserved 1079296K
  class space    used 4828K, capacity 5100K, committed 5120K, reserved 1048576K
}
Event: 10.542 GC heap before
{Heap before GC invocations=13 (full 2):
 PSYoungGen      total 124928K, used 123392K [0x00000000e0000000, 0x00000000e9200000, 0x0000000100000000)
  eden space 123392K, 100% used [0x00000000e0000000,0x00000000e7880000,0x00000000e7880000)
  from space 1536K, 0% used [0x00000000e8480000,0x00000000e8480000,0x00000000e8600000)
  to   space 12288K, 0% used [0x00000000e7880000,0x00000000e7880000,0x00000000e8480000)
 ParOldGen       total 65024K, used 16732K [0x00000000a0000000, 0x00000000a3f80000, 0x00000000e0000000)
  object space 65024K, 25% used [0x00000000a0000000,0x00000000a10570c8,0x00000000a3f80000)
 Metaspace       used 43051K, capacity 44096K, committed 44416K, reserved 1087488K
  class space    used 5926K, capacity 6236K, committed 6272K, reserved 1048576K
Event: 10.556 GC heap after
Heap after GC invocations=13 (full 2):
 PSYoungGen      total 135680K, used 12278K [0x00000000e0000000, 0x00000000eb280000, 0x0000000100000000)
  eden space 123392K, 0% used [0x00000000e0000000,0x00000000e0000000,0x00000000e7880000)
  from space 12288K, 99% used [0x00000000e7880000,0x00000000e847dbb8,0x00000000e8480000)
  to   space 14336K, 0% used [0x00000000ea480000,0x00000000ea480000,0x00000000eb280000)
 ParOldGen       total 65024K, used 18520K [0x00000000a0000000, 0x00000000a3f80000, 0x00000000e0000000)
  object space 65024K, 28% used [0x00000000a0000000,0x00000000a12162c0,0x00000000a3f80000)
 Metaspace       used 43051K, capacity 44096K, committed 44416K, reserved 1087488K
  class space    used 5926K, capacity 6236K, committed 6272K, reserved 1048576K
}

